<?xml version="1.0" encoding="UTF-8"?>
<!-- Generated by org.testng.reporters.JUnitReportReporter -->
<testsuite hostname="LAPTOP-4UCTG595" failures="0" tests="6" name="testCases.TC_005_MyAccountPageTest" time="0.000" errors="0" timestamp="2024-08-31T23:14:43 JST" skipped="6">
  <testcase classname="testCases.TC_005_MyAccountPageTest" name="editAccountInfo" time="0.000">
    <skipped/>
  </testcase> <!-- editAccountInfo -->
  <system-out/>
  <testcase classname="testCases.TC_005_MyAccountPageTest" name="changePassword" time="0.000">
    <skipped/>
  </testcase> <!-- changePassword -->
  <system-out/>
  <testcase classname="testCases.TC_005_MyAccountPageTest" name="setAddressBook" time="0.000">
    <skipped/>
  </testcase> <!-- setAddressBook -->
  <system-out/>
  <testcase classname="testCases.TC_005_MyAccountPageTest" name="verifySubscriptionInfo" time="0.000">
    <skipped/>
  </testcase> <!-- verifySubscriptionInfo -->
  <system-out/>
  <testcase classname="testCases.TC_005_MyAccountPageTest" name="verifyLogout" time="0.000">
    <skipped/>
  </testcase> <!-- verifyLogout -->
  <system-out/>
  <testcase classname="testCases.TC_005_MyAccountPageTest" name="createAffiliateAccount" time="0.000">
    <skipped/>
  </testcase> <!-- createAffiliateAccount -->
  <system-out/>
</testsuite> <!-- testCases.TC_005_MyAccountPageTest -->
