<?xml version="1.0" encoding="UTF-8"?>
<!-- Generated by org.testng.reporters.JUnitReportReporter -->
<testsuite hostname="LAPTOP-4UCTG595" failures="0" tests="1" name="testCases.TC_0012_ProductSearchPaginationFuntionalityTest" time="31.050" errors="0" timestamp="2024-09-16T21:40:21 JST" skipped="0">
  <testcase classname="testCases.TC_0012_ProductSearchPaginationFuntionalityTest" name="verifyProductSearchPagination" time="31.050"/>
  <system-out/>
</testsuite> <!-- testCases.TC_0012_ProductSearchPaginationFuntionalityTest -->
