<?xml version="1.0" encoding="UTF-8"?>
<!-- Generated by org.testng.reporters.JUnitReportReporter -->
<testsuite hostname="LAPTOP-4UCTG595" failures="0" tests="1" name="testCases.TC_009_ProductAdvanceSearchTest" time="10.132" errors="0" timestamp="2024-09-06T15:40:07 JST" skipped="0">
  <testcase classname="testCases.TC_009_ProductAdvanceSearchTest" name="verifyProductAdvanceSearch" time="10.132"/>
  <system-out/>
</testsuite> <!-- testCases.TC_009_ProductAdvanceSearchTest -->
