<?xml version="1.0" encoding="UTF-8"?>
<!-- Generated by org.testng.reporters.JUnitReportReporter -->
<testsuite hostname="LAPTOP-4UCTG595" failures="0" tests="1" name="testCases.TC_008_CartPageTest" time="20.612" errors="0" timestamp="2024-09-01T20:03:18 JST" skipped="0">
  <testcase classname="testCases.TC_008_CartPageTest" name="addingProductToCart" time="20.612"/>
  <system-out/>
</testsuite> <!-- testCases.TC_008_CartPageTest -->
