<?xml version="1.0" encoding="UTF-8"?>
<!-- Generated by org.testng.reporters.JUnitReportReporter -->
<testsuite hostname="LAPTOP-4UCTG595" failures="0" tests="1" name="testCases.TC_007_ProductDetailsPageTest" time="6.266" errors="0" timestamp="2024-08-29T20:06:44 JST" skipped="0">
  <testcase classname="testCases.TC_007_ProductDetailsPageTest" name="verifyReviewForm" time="6.266"/>
  <system-out/>
</testsuite> <!-- testCases.TC_007_ProductDetailsPageTest -->
