<?xml version="1.0" encoding="UTF-8"?>
<!-- Generated by org.testng.reporters.JUnitReportReporter -->
<testsuite hostname="LAPTOP-4UCTG595" failures="0" tests="1" name="testCases.TC_0013_RemovingProductFromCartPage" time="16.575" errors="0" timestamp="2024-09-16T21:27:43 JST" skipped="0">
  <testcase classname="testCases.TC_0013_RemovingProductFromCartPage" name="verifyRemovingProductFromCart" time="16.575"/>
  <system-out/>
</testsuite> <!-- testCases.TC_0013_RemovingProductFromCartPage -->
