<?xml version="1.0" encoding="UTF-8"?>
<!-- Generated by org.testng.reporters.JUnitReportReporter -->
<testsuite hostname="LAPTOP-4UCTG595" failures="0" tests="1" name="testCases.TC_0013_RemovingProductFromCartPage" time="12.695" errors="0" timestamp="2024-09-16T22:17:20 JST" skipped="0">
  <testcase classname="testCases.TC_0013_RemovingProductFromCartPage" name="verifyRemovingProductFromCart" time="12.695"/>
  <system-out/>
</testsuite> <!-- testCases.TC_0013_RemovingProductFromCartPage -->
