<?xml version="1.0" encoding="UTF-8"?>
<!-- Generated by org.testng.reporters.JUnitReportReporter -->
<testsuite hostname="LAPTOP-4UCTG595" failures="0" tests="1" name="testCases.TC_001_AccountRegisterTest" time="5.226" errors="0" timestamp="2024-09-01T20:03:18 JST" skipped="0">
  <testcase classname="testCases.TC_001_AccountRegisterTest" name="createAccount" time="5.226"/>
  <system-out/>
</testsuite> <!-- testCases.TC_001_AccountRegisterTest -->
