<?xml version="1.0" encoding="UTF-8"?>
<!-- Generated by org.testng.reporters.JUnitReportReporter -->
<testsuite hostname="LAPTOP-4UCTG595" failures="0" tests="1" name="testCases.TC_0011_EndToEndTest" time="34.995" errors="0" timestamp="2024-09-03T15:36:46 JST" skipped="0">
  <testcase classname="testCases.TC_0011_EndToEndTest" name="EndToEndTest" time="34.995"/>
  <system-out/>
</testsuite> <!-- testCases.TC_0011_EndToEndTest -->
