<?xml version="1.0" encoding="UTF-8"?>
<!-- Generated by org.testng.reporters.JUnitReportReporter -->
<testsuite hostname="LAPTOP-4UCTG595" failures="0" tests="1" name="testCases.TC_003_LoginTest" time="4.350" errors="0" timestamp="2024-09-05T17:39:32 JST" skipped="0">
  <testcase classname="testCases.TC_003_LoginTest" name="verify_Login" time="4.350"/>
</testsuite> <!-- testCases.TC_003_LoginTest -->
